C:\STUDY\PROGRAMS\CONTINUOUSGENERALIZER\CPLUSCLASS\RELEASE\.NETFRAMEWORK,VERSION=V4.0.ASSEMBLYATTRIBUTES.OBJ
C:\STUDY\PROGRAMS\CONTINUOUSGENERALIZER\CPLUSCLASS\RELEASE\APP.RES
C:\STUDY\PROGRAMS\CONTINUOUSGENERALIZER\CPLUSCLASS\RELEASE\ASSEMBLYINFO.OBJ
C:\Study\Programs\ContinuousGeneralizer\CPlusClass\Release\cl.command.1.tlog
C:\Study\Programs\ContinuousGeneralizer\CPlusClass\Release\CL.read.1.tlog
C:\Study\Programs\ContinuousGeneralizer\CPlusClass\Release\CL.write.1.tlog
C:\STUDY\PROGRAMS\CONTINUOUSGENERALIZER\CPLUSCLASS\RELEASE\CPLUSCLASS.DLL.INTERMEDIATE.MANIFEST
C:\STUDY\PROGRAMS\CONTINUOUSGENERALIZER\CPLUSCLASS\RELEASE\CPLUSCLASS.OBJ
C:\STUDY\PROGRAMS\CONTINUOUSGENERALIZER\CPLUSCLASS\RELEASE\CPLUSCLASS.PCH
C:\Study\Programs\ContinuousGeneralizer\CPlusClass\Release\CPlusClass.write.1.tlog
C:\Study\Programs\ContinuousGeneralizer\CPlusClass\Release\link.command.1.tlog
C:\Study\Programs\ContinuousGeneralizer\CPlusClass\Release\link.read.1.tlog
C:\Study\Programs\ContinuousGeneralizer\CPlusClass\Release\link.write.1.tlog
C:\Study\Programs\ContinuousGeneralizer\CPlusClass\Release\link-cvtres.read.1.tlog
C:\Study\Programs\ContinuousGeneralizer\CPlusClass\Release\link-cvtres.write.1.tlog
C:\Study\Programs\ContinuousGeneralizer\CPlusClass\Release\mt.command.1.tlog
C:\Study\Programs\ContinuousGeneralizer\CPlusClass\Release\mt.read.1.tlog
C:\Study\Programs\ContinuousGeneralizer\CPlusClass\Release\mt.write.1.tlog
C:\Study\Programs\ContinuousGeneralizer\CPlusClass\Release\rc.command.1.tlog
C:\Study\Programs\ContinuousGeneralizer\CPlusClass\Release\rc.read.1.tlog
C:\Study\Programs\ContinuousGeneralizer\CPlusClass\Release\rc.write.1.tlog
C:\STUDY\PROGRAMS\CONTINUOUSGENERALIZER\CPLUSCLASS\RELEASE\SPARSEMATRIX.OBJ
C:\STUDY\PROGRAMS\CONTINUOUSGENERALIZER\CPLUSCLASS\RELEASE\STDAFX.OBJ
C:\STUDY\PROGRAMS\CONTINUOUSGENERALIZER\CPLUSCLASS\RELEASE\VC100.PDB
C:\Study\Programs\ContinuousGeneralizer\CPlusClass\Release\vc90.idb
C:\Study\Programs\ContinuousGeneralizer\CPlusClass\Release\vc90.pdb
C:\STUDY\PROGRAMS\CONTINUOUSGENERALIZER\RELEASE\CPLUSCLASS.DLL
C:\STUDY\PROGRAMS\CONTINUOUSGENERALIZER\RELEASE\CPLUSCLASS.PDB
