C:\STUDY\PROGRAMS\CONTINUOUSGENERALIZER\CPLUSCLASS\DEBUG\CPLUSCLASS.PCH
C:\STUDY\PROGRAMS\CONTINUOUSGENERALIZER\CPLUSCLASS\DEBUG\STDAFX.OBJ
C:\STUDY\PROGRAMS\CONTINUOUSGENERALIZER\CPLUSCLASS\DEBUG\VC110.PDB
C:\STUDY\PROGRAMS\CONTINUOUSGENERALIZER\CPLUSCLASS\DEBUG\SPARSEMATRIX.OBJ
C:\STUDY\PROGRAMS\CONTINUOUSGENERALIZER\CPLUSCLASS\DEBUG\CPLUSCLASS.OBJ
C:\STUDY\PROGRAMS\CONTINUOUSGENERALIZER\CPLUSCLASS\DEBUG\ASSEMBLYINFO.OBJ
C:\STUDY\PROGRAMS\CONTINUOUSGENERALIZER\CPLUSCLASS\DEBUG\.NETFRAMEWORK,VERSION=V4.0.ASSEMBLYATTRIBUTES.OBJ
C:\STUDY\PROGRAMS\CONTINUOUSGENERALIZER\DEBUG\CPLUSCLASS.DLL
C:\STUDY\PROGRAMS\CONTINUOUSGENERALIZER\DEBUG\CPLUSCLASS.PDB
C:\STUDY\PROGRAMS\CONTINUOUSGENERALIZER\CPLUSCLASS\DEBUG\APP.RES
C:\Study\Programs\ContinuousGeneralizer\CPlusClass\Debug\.NETFramework,Version=v4.0.AssemblyAttributes.obj
C:\Study\Programs\ContinuousGeneralizer\CPlusClass\Debug\AssemblyInfo.obj
C:\Study\Programs\ContinuousGeneralizer\CPlusClass\Debug\CPlusClass.obj
C:\Study\Programs\ContinuousGeneralizer\CPlusClass\Debug\SparseMatrix.obj
C:\Study\Programs\ContinuousGeneralizer\CPlusClass\Debug\Stdafx.obj
C:\Study\Programs\ContinuousGeneralizer\CPlusClass\Debug\cl.command.1.tlog
C:\Study\Programs\ContinuousGeneralizer\CPlusClass\Debug\CL.read.1.tlog
C:\Study\Programs\ContinuousGeneralizer\CPlusClass\Debug\CL.write.1.tlog
C:\Study\Programs\ContinuousGeneralizer\CPlusClass\Debug\link-cvtres.read.1.tlog
C:\Study\Programs\ContinuousGeneralizer\CPlusClass\Debug\link-cvtres.write.1.tlog
C:\Study\Programs\ContinuousGeneralizer\CPlusClass\Debug\link-rc.read.1.tlog
C:\Study\Programs\ContinuousGeneralizer\CPlusClass\Debug\link-rc.write.1.tlog
C:\Study\Programs\ContinuousGeneralizer\CPlusClass\Debug\link.command.1.tlog
C:\Study\Programs\ContinuousGeneralizer\CPlusClass\Debug\link.read.1.tlog
C:\Study\Programs\ContinuousGeneralizer\CPlusClass\Debug\link.write.1.tlog
C:\Study\Programs\ContinuousGeneralizer\CPlusClass\Debug\metagen.read.1.tlog
C:\Study\Programs\ContinuousGeneralizer\CPlusClass\Debug\metagen.write.1.tlog
C:\Study\Programs\ContinuousGeneralizer\CPlusClass\Debug\rc.command.1.tlog
C:\Study\Programs\ContinuousGeneralizer\CPlusClass\Debug\rc.read.1.tlog
C:\Study\Programs\ContinuousGeneralizer\CPlusClass\Debug\rc.write.1.tlog
C:\Study\Programs\ContinuousGeneralizer\CPlusClass\Debug\app.res
C:\Study\Programs\ContinuousGeneralizer\CPlusClass\Debug\CPlusClass.pch
C:\Study\Programs\ContinuousGeneralizer\CPlusClass\Debug\vc110.pdb
C:\Study\Programs\ContinuousGeneralizer\CPlusClass\Debug\TZRES.DLL.bi
C:\Study\Programs\ContinuousGeneralizer\Debug\CPlusClass.pdb
C:\Study\Programs\ContinuousGeneralizer\Debug\CPlusClass.dll
