  Stdafx.cpp
  AssemblyInfo.cpp
  CPlusClass.cpp
c:\study\programs\continuousgeneralizer\cplusclass\CPlusClass.h(231): warning C4101: 'ax' : unreferenced local variable
  SparseMatrix.cpp
  Generating Code...
c:\study\programs\continuousgeneralizer\citations\eigen\eigen\src\core\redux.h(216): warning C4793: 'Eigen::internal::redux_impl<Eigen::internal::scalar_sum_op<double>,Eigen::CwiseUnaryOp<Eigen::internal::scalar_abs2_op<double>,Eigen::Matrix<double,-1,1,0,-1,1> const >,3,0>::run' : function compiled as native :
  	Aligned data types not supported in managed code
c:\study\programs\continuousgeneralizer\citations\eigen\eigen\src\core\redux.h(219): warning C4793: 'Eigen::internal::redux_impl<Eigen::internal::scalar_sum_op<double>,Eigen::CwiseUnaryOp<Eigen::internal::scalar_abs2_op<double>,Eigen::Matrix<double,-1,1,0,-1,1> const >,3,0>::run' : function compiled as native :
  	Aligned data types not supported in managed code
c:\study\programs\continuousgeneralizer\citations\eigen\eigen\src\core\redux.h(222): warning C4793: 'Eigen::internal::redux_impl<Eigen::internal::scalar_sum_op<double>,Eigen::CwiseUnaryOp<Eigen::internal::scalar_abs2_op<double>,Eigen::Matrix<double,-1,1,0,-1,1> const >,3,0>::run' : function compiled as native :
  	Aligned data types not supported in managed code
c:\study\programs\continuousgeneralizer\citations\eigen\eigen\src\core\redux.h(223): warning C4793: 'Eigen::internal::redux_impl<Eigen::internal::scalar_sum_op<double>,Eigen::CwiseUnaryOp<Eigen::internal::scalar_abs2_op<double>,Eigen::Matrix<double,-1,1,0,-1,1> const >,3,0>::run' : function compiled as native :
  	Aligned data types not supported in managed code
c:\study\programs\continuousgeneralizer\citations\eigen\eigen\src\core\redux.h(226): warning C4793: 'Eigen::internal::redux_impl<Eigen::internal::scalar_sum_op<double>,Eigen::CwiseUnaryOp<Eigen::internal::scalar_abs2_op<double>,Eigen::Matrix<double,-1,1,0,-1,1> const >,3,0>::run' : function compiled as native :
  	Aligned data types not supported in managed code
c:\study\programs\continuousgeneralizer\citations\eigen\eigen\src\core\redux.h(228): warning C4793: 'Eigen::internal::redux_impl<Eigen::internal::scalar_sum_op<double>,Eigen::CwiseUnaryOp<Eigen::internal::scalar_abs2_op<double>,Eigen::Matrix<double,-1,1,0,-1,1> const >,3,0>::run' : function compiled as native :
  	Aligned data types not supported in managed code
c:\study\programs\continuousgeneralizer\citations\eigen\eigen\src\core\redux.h(247): warning C4793: 'Eigen::internal::redux_impl<Eigen::internal::scalar_sum_op<double>,Eigen::CwiseUnaryOp<Eigen::internal::scalar_abs2_op<double>,Eigen::Matrix<double,-1,1,0,-1,1> const >,3,0>::run' : function compiled as native :
  	Aligned data types not supported in managed code
c:\study\programs\continuousgeneralizer\citations\eigen\eigen\src\core\redux.h(216): warning C4793: 'Eigen::internal::redux_impl<Eigen::internal::scalar_sum_op<int>,Eigen::Map<Eigen::Matrix<int,-1,1,0,-1,1> const ,0,Eigen::Stride<0,0> >,3,0>::run' : function compiled as native :
  	Aligned data types not supported in managed code
c:\study\programs\continuousgeneralizer\citations\eigen\eigen\src\core\redux.h(219): warning C4793: 'Eigen::internal::redux_impl<Eigen::internal::scalar_sum_op<int>,Eigen::Map<Eigen::Matrix<int,-1,1,0,-1,1> const ,0,Eigen::Stride<0,0> >,3,0>::run' : function compiled as native :
  	Aligned data types not supported in managed code
c:\study\programs\continuousgeneralizer\citations\eigen\eigen\src\core\redux.h(222): warning C4793: 'Eigen::internal::redux_impl<Eigen::internal::scalar_sum_op<int>,Eigen::Map<Eigen::Matrix<int,-1,1,0,-1,1> const ,0,Eigen::Stride<0,0> >,3,0>::run' : function compiled as native :
  	Aligned data types not supported in managed code
c:\study\programs\continuousgeneralizer\citations\eigen\eigen\src\core\redux.h(223): warning C4793: 'Eigen::internal::redux_impl<Eigen::internal::scalar_sum_op<int>,Eigen::Map<Eigen::Matrix<int,-1,1,0,-1,1> const ,0,Eigen::Stride<0,0> >,3,0>::run' : function compiled as native :
  	Aligned data types not supported in managed code
c:\study\programs\continuousgeneralizer\citations\eigen\eigen\src\core\redux.h(226): warning C4793: 'Eigen::internal::redux_impl<Eigen::internal::scalar_sum_op<int>,Eigen::Map<Eigen::Matrix<int,-1,1,0,-1,1> const ,0,Eigen::Stride<0,0> >,3,0>::run' : function compiled as native :
  	Aligned data types not supported in managed code
c:\study\programs\continuousgeneralizer\citations\eigen\eigen\src\core\redux.h(228): warning C4793: 'Eigen::internal::redux_impl<Eigen::internal::scalar_sum_op<int>,Eigen::Map<Eigen::Matrix<int,-1,1,0,-1,1> const ,0,Eigen::Stride<0,0> >,3,0>::run' : function compiled as native :
  	Aligned data types not supported in managed code
c:\study\programs\continuousgeneralizer\citations\eigen\eigen\src\core\redux.h(247): warning C4793: 'Eigen::internal::redux_impl<Eigen::internal::scalar_sum_op<int>,Eigen::Map<Eigen::Matrix<int,-1,1,0,-1,1> const ,0,Eigen::Stride<0,0> >,3,0>::run' : function compiled as native :
  	Aligned data types not supported in managed code
c:\study\programs\continuousgeneralizer\citations\eigen\eigen\src\core\redux.h(216): warning C4793: 'Eigen::internal::redux_impl<Eigen::internal::scalar_sum_op<int>,Eigen::Matrix<int,-1,1,0,-1,1>,3,0>::run' : function compiled as native :
  	Aligned data types not supported in managed code
c:\study\programs\continuousgeneralizer\citations\eigen\eigen\src\core\redux.h(219): warning C4793: 'Eigen::internal::redux_impl<Eigen::internal::scalar_sum_op<int>,Eigen::Matrix<int,-1,1,0,-1,1>,3,0>::run' : function compiled as native :
  	Aligned data types not supported in managed code
c:\study\programs\continuousgeneralizer\citations\eigen\eigen\src\core\redux.h(222): warning C4793: 'Eigen::internal::redux_impl<Eigen::internal::scalar_sum_op<int>,Eigen::Matrix<int,-1,1,0,-1,1>,3,0>::run' : function compiled as native :
  	Aligned data types not supported in managed code
c:\study\programs\continuousgeneralizer\citations\eigen\eigen\src\core\redux.h(223): warning C4793: 'Eigen::internal::redux_impl<Eigen::internal::scalar_sum_op<int>,Eigen::Matrix<int,-1,1,0,-1,1>,3,0>::run' : function compiled as native :
  	Aligned data types not supported in managed code
c:\study\programs\continuousgeneralizer\citations\eigen\eigen\src\core\redux.h(226): warning C4793: 'Eigen::internal::redux_impl<Eigen::internal::scalar_sum_op<int>,Eigen::Matrix<int,-1,1,0,-1,1>,3,0>::run' : function compiled as native :
  	Aligned data types not supported in managed code
c:\study\programs\continuousgeneralizer\citations\eigen\eigen\src\core\redux.h(228): warning C4793: 'Eigen::internal::redux_impl<Eigen::internal::scalar_sum_op<int>,Eigen::Matrix<int,-1,1,0,-1,1>,3,0>::run' : function compiled as native :
  	Aligned data types not supported in managed code
c:\study\programs\continuousgeneralizer\citations\eigen\eigen\src\core\redux.h(247): warning C4793: 'Eigen::internal::redux_impl<Eigen::internal::scalar_sum_op<int>,Eigen::Matrix<int,-1,1,0,-1,1>,3,0>::run' : function compiled as native :
  	Aligned data types not supported in managed code
c:\study\programs\continuousgeneralizer\citations\eigen\eigen\src\core\densecoeffsbase.h(538): warning C4793: 'Eigen::DenseCoeffsBase<Eigen::Matrix<int,-1,1,0,-1,1>,1>::copyPacket<Eigen::Matrix<int,-1,1,0,-1,1>,1,1>' : function compiled as native :
  	Aligned data types not supported in managed code
c:\study\programs\continuousgeneralizer\citations\eigen\eigen\src\core\densecoeffsbase.h(538): warning C4793: 'Eigen::DenseCoeffsBase<Eigen::Matrix<double,-1,1,0,-1,1>,1>::copyPacket<Eigen::Matrix<double,-1,1,0,-1,1>,1,1>' : function compiled as native :
  	Aligned data types not supported in managed code
c:\study\programs\continuousgeneralizer\citations\eigen\eigen\src\core\densecoeffsbase.h(538): warning C4793: 'Eigen::DenseCoeffsBase<Eigen::Matrix<int,-1,1,0,-1,1>,1>::copyPacket<Eigen::CwiseNullaryOp<Eigen::internal::scalar_constant_op<int>,Eigen::Matrix<int,-1,1,0,-1,1> >,1,0>' : function compiled as native :
  	Aligned data types not supported in managed code
c:\study\programs\continuousgeneralizer\citations\eigen\eigen\src\core\densecoeffsbase.h(538): warning C4793: 'Eigen::DenseCoeffsBase<Eigen::Matrix<double,-1,1,0,-1,1>,1>::copyPacket<Eigen::CwiseNullaryOp<Eigen::internal::scalar_constant_op<double>,Eigen::Matrix<double,-1,1,0,-1,1> >,1,0>' : function compiled as native :
  	Aligned data types not supported in managed code
c:\study\programs\continuousgeneralizer\citations\eigen\eigen\src\core\densecoeffsbase.h(538): warning C4793: 'Eigen::DenseCoeffsBase<Eigen::Map<Eigen::Matrix<int,-1,1,0,-1,1>,0,Eigen::Stride<0,0> >,1>::copyPacket<Eigen::CwiseNullaryOp<Eigen::internal::scalar_constant_op<int>,Eigen::Map<Eigen::Matrix<int,-1,1,0,-1,1>,0,Eigen::Stride<0,0> > >,1,0>' : function compiled as native :
  	Aligned data types not supported in managed code
c:\study\programs\continuousgeneralizer\citations\eigen\eigen\src\core\cwiseunaryop.h(120): warning C4793: 'Eigen::CwiseUnaryOpImpl<Eigen::internal::scalar_abs2_op<double>,Eigen::Matrix<double,-1,1,0,-1,1> const ,Eigen::Dense>::packet<1>' : function compiled as native :
  	Aligned data types not supported in managed code
c:\study\programs\continuousgeneralizer\citations\eigen\eigen\src\core\functors.h(28): warning C4793: 'Eigen::internal::scalar_sum_op<double>::packetOp<__m128d>' : function compiled as native :
  	Aligned data types not supported in managed code
c:\study\programs\continuousgeneralizer\citations\eigen\eigen\src\core\arch\sse\packetmath.h(413): warning C4793: 'Eigen::internal::predux<__m128d>' : function compiled as native :
  	Found an intrinsic not supported in managed code
c:\study\programs\continuousgeneralizer\citations\eigen\eigen\src\core\arch\sse\packetmath.h(413): warning C4793: 'Eigen::internal::predux<__m128d>' : function compiled as native :
  	Aligned data types not supported in managed code
c:\study\programs\continuousgeneralizer\citations\eigen\eigen\src\core\mapbase.h(123): warning C4793: 'Eigen::MapBase<Eigen::Map<Eigen::Matrix<int,-1,1,0,-1,1> const ,0,Eigen::Stride<0,0> >,0>::packet<1>' : function compiled as native :
  	Aligned data types not supported in managed code
c:\study\programs\continuousgeneralizer\citations\eigen\eigen\src\core\functors.h(28): warning C4793: 'Eigen::internal::scalar_sum_op<int>::packetOp<__m128i>' : function compiled as native :
  	Aligned data types not supported in managed code
c:\study\programs\continuousgeneralizer\citations\eigen\eigen\src\core\arch\sse\packetmath.h(438): warning C4793: 'Eigen::internal::predux<__m128i>' : function compiled as native :
  	Found an intrinsic not supported in managed code
c:\study\programs\continuousgeneralizer\citations\eigen\eigen\src\core\arch\sse\packetmath.h(438): warning C4793: 'Eigen::internal::predux<__m128i>' : function compiled as native :
  	Aligned data types not supported in managed code
c:\study\programs\continuousgeneralizer\citations\eigen\eigen\src\core\arch\sse\packetmath.h(439): warning C4793: 'Eigen::internal::predux<__m128i>' : function compiled as native :
  	Found an intrinsic not supported in managed code
c:\study\programs\continuousgeneralizer\citations\eigen\eigen\src\core\arch\sse\packetmath.h(439): warning C4793: 'Eigen::internal::predux<__m128i>' : function compiled as native :
  	Aligned data types not supported in managed code
c:\study\programs\continuousgeneralizer\citations\eigen\eigen\src\core\arch\sse\packetmath.h(440): warning C4793: 'Eigen::internal::predux<__m128i>' : function compiled as native :
  	Aligned data types not supported in managed code
c:\study\programs\continuousgeneralizer\citations\eigen\eigen\src\core\plainobjectbase.h(175): warning C4793: 'Eigen::PlainObjectBase<Eigen::Matrix<int,-1,1,0,-1,1> >::packet<1>' : function compiled as native :
  	Aligned data types not supported in managed code
c:\study\programs\continuousgeneralizer\citations\eigen\eigen\src\core\arch\sse\packetmath.h(294): warning C4793: 'Eigen::internal::pstore<int,__m128i>' : function compiled as native :
  	Found an intrinsic not supported in managed code
c:\study\programs\continuousgeneralizer\citations\eigen\eigen\src\core\arch\sse\packetmath.h(294): warning C4793: 'Eigen::internal::pstore<int,__m128i>' : function compiled as native :
  	Aligned data types not supported in managed code
c:\study\programs\continuousgeneralizer\citations\eigen\eigen\src\core\arch\sse\packetmath.h(302): warning C4793: 'Eigen::internal::pstoreu<int,__m128i>' : function compiled as native :
  	Found an intrinsic not supported in managed code
c:\study\programs\continuousgeneralizer\citations\eigen\eigen\src\core\arch\sse\packetmath.h(302): warning C4793: 'Eigen::internal::pstoreu<int,__m128i>' : function compiled as native :
  	Aligned data types not supported in managed code
c:\study\programs\continuousgeneralizer\citations\eigen\eigen\src\core\plainobjectbase.h(175): warning C4793: 'Eigen::PlainObjectBase<Eigen::Matrix<double,-1,1,0,-1,1> >::packet<1>' : function compiled as native :
  	Aligned data types not supported in managed code
c:\study\programs\continuousgeneralizer\citations\eigen\eigen\src\core\arch\sse\packetmath.h(293): warning C4793: 'Eigen::internal::pstore<double,__m128d>' : function compiled as native :
  	Found an intrinsic not supported in managed code
c:\study\programs\continuousgeneralizer\citations\eigen\eigen\src\core\arch\sse\packetmath.h(293): warning C4793: 'Eigen::internal::pstore<double,__m128d>' : function compiled as native :
  	Aligned data types not supported in managed code
c:\study\programs\continuousgeneralizer\citations\eigen\eigen\src\core\arch\sse\packetmath.h(298): warning C4793: 'Eigen::internal::pstoreu<double,__m128d>' : function compiled as native :
  	Found an intrinsic not supported in managed code
c:\study\programs\continuousgeneralizer\citations\eigen\eigen\src\core\arch\sse\packetmath.h(298): warning C4793: 'Eigen::internal::pstoreu<double,__m128d>' : function compiled as native :
  	Aligned data types not supported in managed code
c:\study\programs\continuousgeneralizer\citations\eigen\eigen\src\core\arch\sse\packetmath.h(299): warning C4793: 'Eigen::internal::pstoreu<double,__m128d>' : function compiled as native :
  	Found an intrinsic not supported in managed code
c:\study\programs\continuousgeneralizer\citations\eigen\eigen\src\core\arch\sse\packetmath.h(299): warning C4793: 'Eigen::internal::pstoreu<double,__m128d>' : function compiled as native :
  	Aligned data types not supported in managed code
c:\study\programs\continuousgeneralizer\citations\eigen\eigen\src\core\cwisenullaryop.h(88): warning C4793: 'Eigen::CwiseNullaryOp<Eigen::internal::scalar_constant_op<int>,Eigen::Matrix<int,-1,1,0,-1,1> >::packet<0>' : function compiled as native :
  	Aligned data types not supported in managed code
c:\study\programs\continuousgeneralizer\citations\eigen\eigen\src\core\cwisenullaryop.h(88): warning C4793: 'Eigen::CwiseNullaryOp<Eigen::internal::scalar_constant_op<double>,Eigen::Matrix<double,-1,1,0,-1,1> >::packet<0>' : function compiled as native :
  	Aligned data types not supported in managed code
c:\study\programs\continuousgeneralizer\citations\eigen\eigen\src\core\cwisenullaryop.h(88): warning C4793: 'Eigen::CwiseNullaryOp<Eigen::internal::scalar_constant_op<int>,Eigen::Map<Eigen::Matrix<int,-1,1,0,-1,1>,0,Eigen::Stride<0,0> > >::packet<0>' : function compiled as native :
  	Aligned data types not supported in managed code
c:\study\programs\continuousgeneralizer\citations\eigen\eigen\src\core\functors.h(307): warning C4793: 'Eigen::internal::scalar_abs2_op<double>::packetOp<__m128d>' : function compiled as native :
  	Aligned data types not supported in managed code
c:\study\programs\continuousgeneralizer\citations\eigen\eigen\src\core\arch\sse\packetmath.h(118): warning C4793: 'Eigen::internal::padd<__m128d>' : function compiled as native :
  	Found an intrinsic not supported in managed code
c:\study\programs\continuousgeneralizer\citations\eigen\eigen\src\core\arch\sse\packetmath.h(118): warning C4793: 'Eigen::internal::padd<__m128d>' : function compiled as native :
  	Aligned data types not supported in managed code
c:\study\programs\continuousgeneralizer\citations\eigen\eigen\src\core\arch\sse\packetmath.h(330): warning C4793: 'Eigen::internal::pfirst<__m128d>' : function compiled as native :
  	Found an intrinsic not supported in managed code
c:\study\programs\continuousgeneralizer\citations\eigen\eigen\src\core\arch\sse\packetmath.h(330): warning C4793: 'Eigen::internal::pfirst<__m128d>' : function compiled as native :
  	Aligned data types not supported in managed code
c:\study\programs\continuousgeneralizer\citations\eigen\eigen\src\core\genericpacketmath.h(281): warning C4793: 'Eigen::internal::ploadt<__m128i,1>' : function compiled as native :
  	Aligned data types not supported in managed code
c:\study\programs\continuousgeneralizer\citations\eigen\eigen\src\core\genericpacketmath.h(283): warning C4793: 'Eigen::internal::ploadt<__m128i,1>' : function compiled as native :
  	Aligned data types not supported in managed code
c:\study\programs\continuousgeneralizer\citations\eigen\eigen\src\core\arch\sse\packetmath.h(119): warning C4793: 'Eigen::internal::padd<__m128i>' : function compiled as native :
  	Found an intrinsic not supported in managed code
c:\study\programs\continuousgeneralizer\citations\eigen\eigen\src\core\arch\sse\packetmath.h(119): warning C4793: 'Eigen::internal::padd<__m128i>' : function compiled as native :
  	Aligned data types not supported in managed code
c:\study\programs\continuousgeneralizer\citations\eigen\eigen\src\core\arch\sse\packetmath.h(331): warning C4793: 'Eigen::internal::pfirst<__m128i>' : function compiled as native :
  	Found an intrinsic not supported in managed code
c:\study\programs\continuousgeneralizer\citations\eigen\eigen\src\core\arch\sse\packetmath.h(331): warning C4793: 'Eigen::internal::pfirst<__m128i>' : function compiled as native :
  	Aligned data types not supported in managed code
c:\study\programs\continuousgeneralizer\citations\eigen\eigen\src\core\genericpacketmath.h(281): warning C4793: 'Eigen::internal::ploadt<__m128d,1>' : function compiled as native :
  	Aligned data types not supported in managed code
c:\study\programs\continuousgeneralizer\citations\eigen\eigen\src\core\genericpacketmath.h(283): warning C4793: 'Eigen::internal::ploadt<__m128d,1>' : function compiled as native :
  	Aligned data types not supported in managed code
c:\study\programs\continuousgeneralizer\citations\eigen\eigen\src\core\functors.h(514): warning C4793: 'Eigen::internal::scalar_constant_op<int>::packetOp<int>' : function compiled as native :
  	Aligned data types not supported in managed code
c:\study\programs\continuousgeneralizer\citations\eigen\eigen\src\core\functors.h(514): warning C4793: 'Eigen::internal::scalar_constant_op<double>::packetOp<int>' : function compiled as native :
  	Aligned data types not supported in managed code
c:\study\programs\continuousgeneralizer\citations\eigen\eigen\src\core\arch\sse\packetmath.h(141): warning C4793: 'Eigen::internal::pmul<__m128d>' : function compiled as native :
  	Found an intrinsic not supported in managed code
c:\study\programs\continuousgeneralizer\citations\eigen\eigen\src\core\arch\sse\packetmath.h(141): warning C4793: 'Eigen::internal::pmul<__m128d>' : function compiled as native :
  	Aligned data types not supported in managed code
c:\study\programs\continuousgeneralizer\citations\eigen\eigen\src\core\arch\sse\packetmath.h(204): warning C4793: 'Eigen::internal::pload<__m128i>' : function compiled as native :
  	Found an intrinsic not supported in managed code
c:\study\programs\continuousgeneralizer\citations\eigen\eigen\src\core\arch\sse\packetmath.h(204): warning C4793: 'Eigen::internal::pload<__m128i>' : function compiled as native :
  	Aligned data types not supported in managed code
c:\study\programs\continuousgeneralizer\citations\eigen\eigen\src\core\arch\sse\packetmath.h(222): warning C4793: 'Eigen::internal::ploadu<__m128i>' : function compiled as native :
  	Found an intrinsic not supported in managed code
c:\study\programs\continuousgeneralizer\citations\eigen\eigen\src\core\arch\sse\packetmath.h(222): warning C4793: 'Eigen::internal::ploadu<__m128i>' : function compiled as native :
  	Aligned data types not supported in managed code
c:\study\programs\continuousgeneralizer\citations\eigen\eigen\src\core\arch\sse\packetmath.h(203): warning C4793: 'Eigen::internal::pload<__m128d>' : function compiled as native :
  	Found an intrinsic not supported in managed code
c:\study\programs\continuousgeneralizer\citations\eigen\eigen\src\core\arch\sse\packetmath.h(203): warning C4793: 'Eigen::internal::pload<__m128d>' : function compiled as native :
  	Aligned data types not supported in managed code
c:\study\programs\continuousgeneralizer\citations\eigen\eigen\src\core\arch\sse\packetmath.h(221): warning C4793: 'Eigen::internal::ploadu<__m128d>' : function compiled as native :
  	Found an intrinsic not supported in managed code
c:\study\programs\continuousgeneralizer\citations\eigen\eigen\src\core\arch\sse\packetmath.h(221): warning C4793: 'Eigen::internal::ploadu<__m128d>' : function compiled as native :
  	Aligned data types not supported in managed code
c:\study\programs\continuousgeneralizer\citations\eigen\eigen\src\core\arch\sse\packetmath.h(110): warning C4793: 'Eigen::internal::pset1<__m128i>' : function compiled as native :
  	Found an intrinsic not supported in managed code
c:\study\programs\continuousgeneralizer\citations\eigen\eigen\src\core\arch\sse\packetmath.h(110): warning C4793: 'Eigen::internal::pset1<__m128i>' : function compiled as native :
  	Aligned data types not supported in managed code
c:\study\programs\continuousgeneralizer\citations\eigen\eigen\src\core\arch\sse\packetmath.h(109): warning C4793: 'Eigen::internal::pset1<__m128d>' : function compiled as native :
  	Found an intrinsic not supported in managed code
c:\study\programs\continuousgeneralizer\citations\eigen\eigen\src\core\arch\sse\packetmath.h(109): warning C4793: 'Eigen::internal::pset1<__m128d>' : function compiled as native :
  	Aligned data types not supported in managed code
  .NETFramework,Version=v4.0.AssemblyAttributes.cpp
  CPlusClass.vcxproj -> C:\Study\Programs\ContinuousGeneralizer\Debug\CPlusClass.dll
